0 info it worked if it ends with ok
1 verbose cli [ 'node', '/usr/local/bin/npm', 'publish' ]
2 info using npm@2.7.0
3 info using node@v0.10.26
4 verbose node symlink /usr/local/bin/node
5 verbose publish [ '.' ]
6 silly cache add args [ '.', null ]
7 verbose cache add spec .
8 silly cache add parsed spec { raw: '.',
8 silly cache add   scope: null,
8 silly cache add   name: null,
8 silly cache add   rawSpec: '.',
8 silly cache add   spec: '/Users/skynet/workspace/therubyc/generator-sinatra-bootstrap',
8 silly cache add   type: 'directory' }
9 verbose addLocalDirectory /Users/skynet/.npm/generator-sinatra-bootstrap/0.1.1/package.tgz not in flight; packing
10 verbose tar pack [ '/Users/skynet/.npm/generator-sinatra-bootstrap/0.1.1/package.tgz',
10 verbose tar pack   '/Users/skynet/workspace/therubyc/generator-sinatra-bootstrap' ]
11 verbose tarball /Users/skynet/.npm/generator-sinatra-bootstrap/0.1.1/package.tgz
12 verbose folder /Users/skynet/workspace/therubyc/generator-sinatra-bootstrap
13 info prepublish generator-sinatra-bootstrap@0.1.1
14 verbose addLocalTarball adding from inside cache /Users/skynet/.npm/generator-sinatra-bootstrap/0.1.1/package.tgz
15 silly cache afterAdd generator-sinatra-bootstrap@0.1.1
16 verbose afterAdd /Users/skynet/.npm/generator-sinatra-bootstrap/0.1.1/package/package.json not in flight; writing
17 verbose afterAdd /Users/skynet/.npm/generator-sinatra-bootstrap/0.1.1/package/package.json written
18 silly publish { name: 'generator-sinatra-bootstrap',
18 silly publish   version: '0.1.1',
18 silly publish   description: 'Yeoman generator',
18 silly publish   license: 'MIT',
18 silly publish   main: 'app/index.js',
18 silly publish   repository:
18 silly publish    { type: 'git',
18 silly publish      url: 'https://github.com/therubyc/generator-sinatra-bootstrap' },
18 silly publish   author:
18 silly publish    { name: 'Adrian Castillo',
18 silly publish      email: 'rodacato@gmail.com',
18 silly publish      url: 'https://github.com/rodacato' },
18 silly publish   scripts: { test: 'mocha' },
18 silly publish   files: [ 'generators' ],
18 silly publish   keywords:
18 silly publish    [ 'yeoman-generator',
18 silly publish      'sinatra',
18 silly publish      'twitter bootstrap',
18 silly publish      'sidekiq',
18 silly publish      'postgresql' ],
18 silly publish   dependencies:
18 silly publish    { 'yeoman-generator': '^0.19.0',
18 silly publish      chalk: '^1.0.0',
18 silly publish      yosay: '^1.0.2',
18 silly publish      shelljs: '~0.5.3' },
18 silly publish   devDependencies: { mocha: '*' },
18 silly publish   readme: '# generator-sinatra-bootstrap\nYeoman generator for a sinatra with twitter bootstrap.\n\nSinatra-Bootstrap generator helps you to start with a sinatra ready application which has support for Compass, Sass, Haml, Rspec and debugger tools to prototype easily.\n\nAlso has optional support for for background jobs with sidekiq, database connection with postgres and active record, it is heroku ready and API support with grape.\n\n![alt text](docs/screenshots/picture1.png "Example app")\n\nHelps you to scaffold you sinatra app in one command.\n\n## Getting Started\n\n```\n$ npm install -g yo\n```\n\nTo install generator-sinatra-bootstrap from npm, run:\n\n```\n$ npm install -g generator-sinatra-bootstrap\n```\n\nInitiate the generator:\n\n```\n$ yo sinatra-bootstrap\n```\n\nFinally, install npm and bower dependencies:\n```\nnpm install && bower install && bundle install\n```\n',
18 silly publish   readmeFilename: 'README.md',
18 silly publish   gitHead: 'ba08e275bfea8814bf9194a75f12ee468eb3c9c8',
18 silly publish   bugs: { url: 'https://github.com/therubyc/generator-sinatra-bootstrap/issues' },
18 silly publish   homepage: 'https://github.com/therubyc/generator-sinatra-bootstrap',
18 silly publish   _id: 'generator-sinatra-bootstrap@0.1.1',
18 silly publish   _shasum: 'c65d292295bc67056685a3ec76449f20d15cf092',
18 silly publish   _from: '.' }
19 silly mapToRegistry name generator-sinatra-bootstrap
20 silly mapToRegistry using default registry
21 silly mapToRegistry registry https://registry.npmjs.org/
22 silly mapToRegistry uri https://registry.npmjs.org/generator-sinatra-bootstrap
23 verbose publish registryBase https://registry.npmjs.org/
24 silly publish uploading /Users/skynet/.npm/generator-sinatra-bootstrap/0.1.1/package.tgz
25 verbose request uri https://registry.npmjs.org/generator-sinatra-bootstrap
26 verbose request sending authorization for write operation
27 info attempt registry request try #1 at 09:16:20
28 verbose request using bearer token for auth
29 verbose request id f39622aa874f3bdf
30 http request PUT https://registry.npmjs.org/generator-sinatra-bootstrap
31 http 403 https://registry.npmjs.org/generator-sinatra-bootstrap
32 verbose headers { 'content-type': 'application/json',
32 verbose headers   'cache-control': 'max-age=60',
32 verbose headers   'content-length': '95',
32 verbose headers   'accept-ranges': 'bytes',
32 verbose headers   date: 'Thu, 19 Nov 2015 15:16:23 GMT',
32 verbose headers   via: '1.1 varnish',
32 verbose headers   connection: 'keep-alive',
32 verbose headers   'x-served-by': 'cache-ord1724-ORD',
32 verbose headers   'x-cache': 'MISS',
32 verbose headers   'x-cache-hits': '0',
32 verbose headers   'x-timer': 'S1447946181.369573,VS0,VE1965' }
33 verbose request invalidating /Users/skynet/.npm/registry.npmjs.org/generator-sinatra-bootstrap on PUT
34 error publish Failed PUT 403
35 verbose stack Error: "You cannot publish over the previously published version 0.1.1." : generator-sinatra-bootstrap
35 verbose stack     at CachingRegistryClient.<anonymous> (/usr/local/lib/node_modules/npm/node_modules/npm-registry-client/lib/request.js:254:14)
35 verbose stack     at Request._callback (/usr/local/lib/node_modules/npm/node_modules/npm-registry-client/lib/request.js:178:14)
35 verbose stack     at Request.self.callback (/usr/local/lib/node_modules/npm/node_modules/request/request.js:344:22)
35 verbose stack     at Request.EventEmitter.emit (events.js:98:17)
35 verbose stack     at Request.<anonymous> (/usr/local/lib/node_modules/npm/node_modules/request/request.js:1239:14)
35 verbose stack     at Request.EventEmitter.emit (events.js:117:20)
35 verbose stack     at IncomingMessage.<anonymous> (/usr/local/lib/node_modules/npm/node_modules/request/request.js:1187:12)
35 verbose stack     at IncomingMessage.EventEmitter.emit (events.js:117:20)
35 verbose stack     at _stream_readable.js:920:16
35 verbose stack     at process._tickCallback (node.js:415:13)
36 verbose statusCode 403
37 verbose pkgid generator-sinatra-bootstrap
38 verbose cwd /Users/skynet/workspace/therubyc/generator-sinatra-bootstrap
39 error Darwin 13.4.0
40 error argv "node" "/usr/local/bin/npm" "publish"
41 error node v0.10.26
42 error npm  v2.7.0
43 error code E403
44 error "You cannot publish over the previously published version 0.1.1." : generator-sinatra-bootstrap
45 error If you need help, you may report this error at:
45 error     <http://github.com/npm/npm/issues>
46 verbose exit [ 1, true ]
